# JRE version: 7.0_13-b20
# Java VM: Java HotSpot(TM) 64-Bit Server VM (23.7-b01 mixed mode windows-amd64 compressed oops)
Heap
 PSYoungGen      total 260864K, used 75017K [0x00000000d82b0000, 0x00000000e9190000, 0x0000000100000000)
  eden space 245248K, 30% used [0x00000000d82b0000,0x00000000dcbea658,0x00000000e7230000)
  from space 15616K, 0% used [0x00000000e8250000,0x00000000e8258000,0x00000000e9190000)
  to   space 16064K, 0% used [0x00000000e7230000,0x00000000e7230000,0x00000000e81e0000)
 ParOldGen       total 81600K, used 17528K [0x0000000088800000, 0x000000008d7b0000, 0x00000000d82b0000)
  object space 81600K, 21% used [0x0000000088800000,0x000000008991e050,0x000000008d7b0000)
 PSPermGen       total 21248K, used 7389K [0x0000000083600000, 0x0000000084ac0000, 0x0000000088800000)
  object space 21248K, 34% used [0x0000000083600000,0x0000000083d375d0,0x0000000084ac0000)
GC Heap History (10 events):
Event: 1.551 GC heap before
{Heap before GC invocations=4 (full 0):
 PSYoungGen      total 35712K, used 32643K [0x00000000d82b0000, 0x00000000dc870000, 0x0000000100000000)
  eden space 30656K, 100% used [0x00000000d82b0000,0x00000000da0a0000,0x00000000da0a0000)
  from space 5056K, 39% used [0x00000000da0a0000,0x00000000da290fb0,0x00000000da590000)
  to   space 5056K, 0% used [0x00000000dc380000,0x00000000dc380000,0x00000000dc870000)
 ParOldGen       total 81600K, used 15608K [0x0000000088800000, 0x000000008d7b0000, 0x00000000d82b0000)
  object space 81600K, 19% used [0x0000000088800000,0x000000008973e050,0x000000008d7b0000)
 PSPermGen       total 21248K, used 7373K [0x0000000083600000, 0x0000000084ac0000, 0x0000000088800000)
  object space 21248K, 34% used [0x0000000083600000,0x0000000083d33730,0x0000000084ac0000)
Event: 1.553 GC heap after
Heap after GC invocations=4 (full 0):
 PSYoungGen      total 66368K, used 1987K [0x00000000d82b0000, 0x00000000dc870000, 0x0000000100000000)
  eden space 61312K, 0% used [0x00000000d82b0000,0x00000000d82b0000,0x00000000dbe90000)
  from space 5056K, 39% used [0x00000000dc380000,0x00000000dc570fb0,0x00000000dc870000)
  to   space 5056K, 0% used [0x00000000dbe90000,0x00000000dbe90000,0x00000000dc380000)
 ParOldGen       total 81600K, used 15608K [0x0000000088800000, 0x000000008d7b0000, 0x00000000d82b0000)
  object space 81600K, 19% used [0x0000000088800000,0x000000008973e050,0x000000008d7b0000)
 PSPermGen       total 21248K, used 7373K [0x0000000083600000, 0x0000000084ac0000, 0x0000000088800000)
  object space 21248K, 34% used [0x0000000083600000,0x0000000083d33730,0x0000000084ac0000)
}
Event: 1.714 GC heap before
{Heap before GC invocations=5 (full 0):
 PSYoungGen      total 66368K, used 63299K [0x00000000d82b0000, 0x00000000dc870000, 0x0000000100000000)
  eden space 61312K, 100% used [0x00000000d82b0000,0x00000000dbe90000,0x00000000dbe90000)
  from space 5056K, 39% used [0x00000000dc380000,0x00000000dc570fb0,0x00000000dc870000)
  to   space 5056K, 0% used [0x00000000dbe90000,0x00000000dbe90000,0x00000000dc380000)
 ParOldGen       total 81600K, used 15608K [0x0000000088800000, 0x000000008d7b0000, 0x00000000d82b0000)
  object space 81600K, 19% used [0x0000000088800000,0x000000008973e050,0x000000008d7b0000)
 PSPermGen       total 21248K, used 7373K [0x0000000083600000, 0x0000000084ac0000, 0x0000000088800000)
  object space 21248K, 34% used [0x0000000083600000,0x0000000083d33730,0x0000000084ac0000)
Event: 1.717 GC heap after
Heap after GC invocations=5 (full 0):
 PSYoungGen      total 66368K, used 1955K [0x00000000d82b0000, 0x00000000e1cd0000, 0x0000000100000000)
  eden space 61312K, 0% used [0x00000000d82b0000,0x00000000d82b0000,0x00000000dbe90000)
  from space 5056K, 38% used [0x00000000dbe90000,0x00000000dc078fb0,0x00000000dc380000)
  to   space 17600K, 0% used [0x00000000e0ba0000,0x00000000e0ba0000,0x00000000e1cd0000)
 ParOldGen       total 81600K, used 15608K [0x0000000088800000, 0x000000008d7b0000, 0x00000000d82b0000)
  object space 81600K, 19% used [0x0000000088800000,0x000000008973e050,0x000000008d7b0000)
 PSPermGen       total 21248K, used 7373K [0x0000000083600000, 0x0000000084ac0000, 0x0000000088800000)
  object space 21248K, 34% used [0x0000000083600000,0x0000000083d33730,0x0000000084ac0000)
}
Event: 1.873 GC heap before
{Heap before GC invocations=6 (full 0):
 PSYoungGen      total 66368K, used 63267K [0x00000000d82b0000, 0x00000000e1cd0000, 0x0000000100000000)
  eden space 61312K, 100% used [0x00000000d82b0000,0x00000000dbe90000,0x00000000dbe90000)
  from space 5056K, 38% used [0x00000000dbe90000,0x00000000dc078fb0,0x00000000dc380000)
  to   space 17600K, 0% used [0x00000000e0ba0000,0x00000000e0ba0000,0x00000000e1cd0000)
 ParOldGen       total 81600K, used 15608K [0x0000000088800000, 0x000000008d7b0000, 0x00000000d82b0000)
  object space 81600K, 19% used [0x0000000088800000,0x000000008973e050,0x000000008d7b0000)
 PSPermGen       total 21248K, used 7373K [0x0000000083600000, 0x0000000084ac0000, 0x0000000088800000)
  object space 21248K, 34% used [0x0000000083600000,0x0000000083d33730,0x0000000084ac0000)
Event: 1.875 GC heap after
Heap after GC invocations=6 (full 0):
 PSYoungGen      total 138688K, used 1971K [0x00000000d82b0000, 0x00000000e1b50000, 0x0000000100000000)
  eden space 122624K, 0% used [0x00000000d82b0000,0x00000000d82b0000,0x00000000dfa70000)
  from space 16064K, 12% used [0x00000000e0ba0000,0x00000000e0d8cfa0,0x00000000e1b50000)
  to   space 16832K, 0% used [0x00000000dfa70000,0x00000000dfa70000,0x00000000e0ae0000)
 ParOldGen       total 81600K, used 15608K [0x0000000088800000, 0x000000008d7b0000, 0x00000000d82b0000)
  object space 81600K, 19% used [0x0000000088800000,0x000000008973e050,0x000000008d7b0000)
 PSPermGen       total 21248K, used 7373K [0x0000000083600000, 0x0000000084ac0000, 0x0000000088800000)
  object space 21248K, 34% used [0x0000000083600000,0x0000000083d33730,0x0000000084ac0000)
}
Event: 2.199 GC heap before
{Heap before GC invocations=7 (full 0):
 PSYoungGen      total 138688K, used 124595K [0x00000000d82b0000, 0x00000000e1b50000, 0x0000000100000000)
  eden space 122624K, 100% used [0x00000000d82b0000,0x00000000dfa70000,0x00000000dfa70000)
  from space 16064K, 12% used [0x00000000e0ba0000,0x00000000e0d8cfa0,0x00000000e1b50000)
  to   space 16832K, 0% used [0x00000000dfa70000,0x00000000dfa70000,0x00000000e0ae0000)
 ParOldGen       total 81600K, used 15608K [0x0000000088800000, 0x000000008d7b0000, 0x00000000d82b0000)
  object space 81600K, 19% used [0x0000000088800000,0x000000008973e050,0x000000008d7b0000)
 PSPermGen       total 21248K, used 7373K [0x0000000083600000, 0x0000000084ac0000, 0x0000000088800000)
  object space 21248K, 34% used [0x0000000083600000,0x0000000083d33730,0x0000000084ac0000)
Event: 2.202 GC heap after
Heap after GC invocations=7 (full 0):
 PSYoungGen      total 139456K, used 32K [0x00000000d82b0000, 0x00000000e9270000, 0x0000000100000000)
  eden space 122624K, 0% used [0x00000000d82b0000,0x00000000d82b0000,0x00000000dfa70000)
  from space 16832K, 0% used [0x00000000dfa70000,0x00000000dfa78000,0x00000000e0ae0000)
  to   space 16512K, 0% used [0x00000000e8250000,0x00000000e8250000,0x00000000e9270000)
 ParOldGen       total 81600K, used 17520K [0x0000000088800000, 0x000000008d7b0000, 0x00000000d82b0000)
  object space 81600K, 21% used [0x0000000088800000,0x000000008991c050,0x000000008d7b0000)
 PSPermGen       total 21248K, used 7373K [0x0000000083600000, 0x0000000084ac0000, 0x0000000088800000)
  object space 21248K, 34% used [0x0000000083600000,0x0000000083d33730,0x0000000084ac0000)
}
Event: 2.515 GC heap before
{Heap before GC invocations=8 (full 0):
 PSYoungGen      total 139456K, used 122656K [0x00000000d82b0000, 0x00000000e9270000, 0x0000000100000000)
  eden space 122624K, 100% used [0x00000000d82b0000,0x00000000dfa70000,0x00000000dfa70000)
  from space 16832K, 0% used [0x00000000dfa70000,0x00000000dfa78000,0x00000000e0ae0000)
  to   space 16512K, 0% used [0x00000000e8250000,0x00000000e8250000,0x00000000e9270000)
 ParOldGen       total 81600K, used 17520K [0x0000000088800000, 0x000000008d7b0000, 0x00000000d82b0000)
  object space 81600K, 21% used [0x0000000088800000,0x000000008991c050,0x000000008d7b0000)
 PSPermGen       total 21248K, used 7374K [0x0000000083600000, 0x0000000084ac0000, 0x0000000088800000)
  object space 21248K, 34% used [0x0000000083600000,0x0000000083d33ae0,0x0000000084ac0000)
Event: 2.515 GC heap after
Heap after GC invocations=8 (full 0):
 PSYoungGen      total 260864K, used 32K [0x00000000d82b0000, 0x00000000e9190000, 0x0000000100000000)
  eden space 245248K, 0% used [0x00000000d82b0000,0x00000000d82b0000,0x00000000e7230000)
  from space 15616K, 0% used [0x00000000e8250000,0x00000000e8258000,0x00000000e9190000)
  to   space 16064K, 0% used [0x00000000e7230000,0x00000000e7230000,0x00000000e81e0000)
 ParOldGen       total 81600K, used 17528K [0x0000000088800000, 0x000000008d7b0000, 0x00000000d82b0000)
  object space 81600K, 21% used [0x0000000088800000,0x000000008991e050,0x000000008d7b0000)
 PSPermGen       total 21248K, used 7374K [0x0000000083600000, 0x0000000084ac0000, 0x0000000088800000)
  object space 21248K, 34% used [0x0000000083600000,0x0000000083d33ae0,0x0000000084ac0000)
}

